2025-10-24 20:17:58.188 WARN  com.alibaba.nacos.client.logging.NacosLogging     :64   [32m                  [0;39m Load Logback Configuration of Nacos fail, message: Could not initialize Logback Nacos logging from classpath:nacos-logback.xml
2025-10-24 20:17:58.196 INFO  org.hibernate.validator.internal.util.Version     :21   [32m                  [0;39m HV000001: Hibernate Validator 8.0.0.Final
2025-10-24 20:17:58.238 WARN  com.alibaba.nacos.client.logging.NacosLogging     :64   [32m                  [0;39m Load Logback Configuration of Nacos fail, message: Could not initialize Logback Nacos logging from classpath:nacos-logback.xml
2025-10-24 20:17:58.244 INFO  com.hj.supercoupon.gateway.GatewayApplication     :51   [32m                  [0;39m Starting GatewayApplication using Java 17.0.16 with PID 67284 (E:\sb_web-dev\hj_web_project\supercoupon\gateway\target\classes started by le in E:\sb_web-dev\hj_web_project\supercoupon)
2025-10-24 20:17:58.245 INFO  com.hj.supercoupon.gateway.GatewayApplication     :632  [32m                  [0;39m No active profile set, falling back to 1 default profile: "default"
2025-10-24 20:17:58.854 INFO  o.springframework.cloud.context.scope.GenericScope:282  [32m                  [0;39m BeanFactory id=64079b86-e531-3efe-bc92-a95ae97cdd73
2025-10-24 20:17:58.898 INFO  o.s.c.s.PostProcessorRegistrationDelegate$BeanPostProcessorChecker:409  [32m                  [0;39m Bean 'org.springframework.cloud.client.loadbalancer.reactive.LoadBalancerBeanPostProcessorAutoConfiguration' of type [org.springframework.cloud.client.loadbalancer.reactive.LoadBalancerBeanPostProcessorAutoConfiguration] is not eligible for getting processed by all BeanPostProcessors (for example: not eligible for auto-proxying)
2025-10-24 20:17:58.899 INFO  o.s.c.s.PostProcessorRegistrationDelegate$BeanPostProcessorChecker:409  [32m                  [0;39m Bean 'org.springframework.cloud.client.loadbalancer.reactive.LoadBalancerBeanPostProcessorAutoConfiguration$ReactorDeferringLoadBalancerFilterConfig' of type [org.springframework.cloud.client.loadbalancer.reactive.LoadBalancerBeanPostProcessorAutoConfiguration$ReactorDeferringLoadBalancerFilterConfig] is not eligible for getting processed by all BeanPostProcessors (for example: not eligible for auto-proxying)
2025-10-24 20:17:58.900 INFO  o.s.c.s.PostProcessorRegistrationDelegate$BeanPostProcessorChecker:409  [32m                  [0;39m Bean 'reactorDeferringLoadBalancerExchangeFilterFunction' of type [org.springframework.cloud.client.loadbalancer.reactive.DeferringLoadBalancerExchangeFilterFunction] is not eligible for getting processed by all BeanPostProcessors (for example: not eligible for auto-proxying)
2025-10-24 20:18:00.385 INFO  org.springframework.cloud.commons.util.InetUtils  :170  [32m                  [0;39m Cannot determine local hostname
2025-10-24 20:18:00.628 INFO  o.s.c.gateway.route.RouteDefinitionRouteLocator   :89   [32m                  [0;39m Loaded RoutePredicateFactory [After]
2025-10-24 20:18:00.628 INFO  o.s.c.gateway.route.RouteDefinitionRouteLocator   :89   [32m                  [0;39m Loaded RoutePredicateFactory [Before]
2025-10-24 20:18:00.629 INFO  o.s.c.gateway.route.RouteDefinitionRouteLocator   :89   [32m                  [0;39m Loaded RoutePredicateFactory [Between]
2025-10-24 20:18:00.629 INFO  o.s.c.gateway.route.RouteDefinitionRouteLocator   :89   [32m                  [0;39m Loaded RoutePredicateFactory [Cookie]
2025-10-24 20:18:00.629 INFO  o.s.c.gateway.route.RouteDefinitionRouteLocator   :89   [32m                  [0;39m Loaded RoutePredicateFactory [Header]
2025-10-24 20:18:00.629 INFO  o.s.c.gateway.route.RouteDefinitionRouteLocator   :89   [32m                  [0;39m Loaded RoutePredicateFactory [Host]
2025-10-24 20:18:00.629 INFO  o.s.c.gateway.route.RouteDefinitionRouteLocator   :89   [32m                  [0;39m Loaded RoutePredicateFactory [Method]
2025-10-24 20:18:00.629 INFO  o.s.c.gateway.route.RouteDefinitionRouteLocator   :89   [32m                  [0;39m Loaded RoutePredicateFactory [Path]
2025-10-24 20:18:00.630 INFO  o.s.c.gateway.route.RouteDefinitionRouteLocator   :89   [32m                  [0;39m Loaded RoutePredicateFactory [Query]
2025-10-24 20:18:00.630 INFO  o.s.c.gateway.route.RouteDefinitionRouteLocator   :89   [32m                  [0;39m Loaded RoutePredicateFactory [ReadBody]
2025-10-24 20:18:00.630 INFO  o.s.c.gateway.route.RouteDefinitionRouteLocator   :89   [32m                  [0;39m Loaded RoutePredicateFactory [RemoteAddr]
2025-10-24 20:18:00.630 INFO  o.s.c.gateway.route.RouteDefinitionRouteLocator   :89   [32m                  [0;39m Loaded RoutePredicateFactory [XForwardedRemoteAddr]
2025-10-24 20:18:00.630 INFO  o.s.c.gateway.route.RouteDefinitionRouteLocator   :89   [32m                  [0;39m Loaded RoutePredicateFactory [Weight]
2025-10-24 20:18:00.630 INFO  o.s.c.gateway.route.RouteDefinitionRouteLocator   :89   [32m                  [0;39m Loaded RoutePredicateFactory [CloudFoundryRouteService]
2025-10-24 20:18:01.986 INFO  org.springframework.cloud.commons.util.InetUtils  :170  [32m                  [0;39m Cannot determine local hostname
2025-10-24 20:18:02.097 WARN  o.s.c.l.c.LoadBalancerCacheAutoConfiguration$LoadBalancerCaffeineWarnLogger:94   [32m                  [0;39m Spring Cloud LoadBalancer is currently working with the default cache. While this cache implementation is useful for development and tests, it's recommended to use Caffeine cache in production.You can switch to using Caffeine cache, by adding it and org.springframework.cache.caffeine.CaffeineCacheManager to the classpath.
2025-10-24 20:18:02.329 WARN  o.s.b.w.r.c.AnnotationConfigReactiveWebServerApplicationContext:616  [32m                  [0;39m Exception encountered during context initialization - cancelling refresh attempt: org.springframework.context.ApplicationContextException: Failed to start bean 'webServerStartStop'
2025-10-24 20:18:04.401 INFO  o.s.b.a.logging.ConditionEvaluationReportLogger   :82   [32m                  [0;39m 

Error starting ApplicationContext. To display the condition evaluation report re-run your application with 'debug' enabled.
2025-10-24 20:18:04.414 ERROR o.s.b.diagnostics.LoggingFailureAnalysisReporter  :40   [32m                  [0;39m 

***************************
APPLICATION FAILED TO START
***************************

Description:

Web server failed to start. Port 10000 was already in use.

Action:

Identify and stop the process that's listening on port 10000 or configure this application to listen on another port.

2025-10-24 20:20:44.589 WARN  com.alibaba.nacos.client.logging.NacosLogging     :64   [32m                  [0;39m Load Logback Configuration of Nacos fail, message: Could not initialize Logback Nacos logging from classpath:nacos-logback.xml
2025-10-24 20:20:44.598 INFO  org.hibernate.validator.internal.util.Version     :21   [32m                  [0;39m HV000001: Hibernate Validator 8.0.0.Final
2025-10-24 20:20:44.634 WARN  com.alibaba.nacos.client.logging.NacosLogging     :64   [32m                  [0;39m Load Logback Configuration of Nacos fail, message: Could not initialize Logback Nacos logging from classpath:nacos-logback.xml
2025-10-24 20:20:44.641 INFO  com.hj.supercoupon.gateway.GatewayApplication     :51   [32m                  [0;39m Starting GatewayApplication using Java 17.0.16 with PID 54604 (E:\sb_web-dev\hj_web_project\supercoupon\gateway\target\classes started by le in E:\sb_web-dev\hj_web_project\supercoupon)
2025-10-24 20:20:44.641 INFO  com.hj.supercoupon.gateway.GatewayApplication     :632  [32m                  [0;39m No active profile set, falling back to 1 default profile: "default"
2025-10-24 20:20:45.219 INFO  o.springframework.cloud.context.scope.GenericScope:282  [32m                  [0;39m BeanFactory id=64079b86-e531-3efe-bc92-a95ae97cdd73
2025-10-24 20:20:45.262 INFO  o.s.c.s.PostProcessorRegistrationDelegate$BeanPostProcessorChecker:409  [32m                  [0;39m Bean 'org.springframework.cloud.client.loadbalancer.reactive.LoadBalancerBeanPostProcessorAutoConfiguration' of type [org.springframework.cloud.client.loadbalancer.reactive.LoadBalancerBeanPostProcessorAutoConfiguration] is not eligible for getting processed by all BeanPostProcessors (for example: not eligible for auto-proxying)
2025-10-24 20:20:45.263 INFO  o.s.c.s.PostProcessorRegistrationDelegate$BeanPostProcessorChecker:409  [32m                  [0;39m Bean 'org.springframework.cloud.client.loadbalancer.reactive.LoadBalancerBeanPostProcessorAutoConfiguration$ReactorDeferringLoadBalancerFilterConfig' of type [org.springframework.cloud.client.loadbalancer.reactive.LoadBalancerBeanPostProcessorAutoConfiguration$ReactorDeferringLoadBalancerFilterConfig] is not eligible for getting processed by all BeanPostProcessors (for example: not eligible for auto-proxying)
2025-10-24 20:20:45.264 INFO  o.s.c.s.PostProcessorRegistrationDelegate$BeanPostProcessorChecker:409  [32m                  [0;39m Bean 'reactorDeferringLoadBalancerExchangeFilterFunction' of type [org.springframework.cloud.client.loadbalancer.reactive.DeferringLoadBalancerExchangeFilterFunction] is not eligible for getting processed by all BeanPostProcessors (for example: not eligible for auto-proxying)
2025-10-24 20:20:46.710 INFO  org.springframework.cloud.commons.util.InetUtils  :170  [32m                  [0;39m Cannot determine local hostname
2025-10-24 20:20:46.944 INFO  o.s.c.gateway.route.RouteDefinitionRouteLocator   :89   [32m                  [0;39m Loaded RoutePredicateFactory [After]
2025-10-24 20:20:46.945 INFO  o.s.c.gateway.route.RouteDefinitionRouteLocator   :89   [32m                  [0;39m Loaded RoutePredicateFactory [Before]
2025-10-24 20:20:46.945 INFO  o.s.c.gateway.route.RouteDefinitionRouteLocator   :89   [32m                  [0;39m Loaded RoutePredicateFactory [Between]
2025-10-24 20:20:46.945 INFO  o.s.c.gateway.route.RouteDefinitionRouteLocator   :89   [32m                  [0;39m Loaded RoutePredicateFactory [Cookie]
2025-10-24 20:20:46.945 INFO  o.s.c.gateway.route.RouteDefinitionRouteLocator   :89   [32m                  [0;39m Loaded RoutePredicateFactory [Header]
2025-10-24 20:20:46.945 INFO  o.s.c.gateway.route.RouteDefinitionRouteLocator   :89   [32m                  [0;39m Loaded RoutePredicateFactory [Host]
2025-10-24 20:20:46.946 INFO  o.s.c.gateway.route.RouteDefinitionRouteLocator   :89   [32m                  [0;39m Loaded RoutePredicateFactory [Method]
2025-10-24 20:20:46.946 INFO  o.s.c.gateway.route.RouteDefinitionRouteLocator   :89   [32m                  [0;39m Loaded RoutePredicateFactory [Path]
2025-10-24 20:20:46.946 INFO  o.s.c.gateway.route.RouteDefinitionRouteLocator   :89   [32m                  [0;39m Loaded RoutePredicateFactory [Query]
2025-10-24 20:20:46.946 INFO  o.s.c.gateway.route.RouteDefinitionRouteLocator   :89   [32m                  [0;39m Loaded RoutePredicateFactory [ReadBody]
2025-10-24 20:20:46.946 INFO  o.s.c.gateway.route.RouteDefinitionRouteLocator   :89   [32m                  [0;39m Loaded RoutePredicateFactory [RemoteAddr]
2025-10-24 20:20:46.946 INFO  o.s.c.gateway.route.RouteDefinitionRouteLocator   :89   [32m                  [0;39m Loaded RoutePredicateFactory [XForwardedRemoteAddr]
2025-10-24 20:20:46.946 INFO  o.s.c.gateway.route.RouteDefinitionRouteLocator   :89   [32m                  [0;39m Loaded RoutePredicateFactory [Weight]
2025-10-24 20:20:46.946 INFO  o.s.c.gateway.route.RouteDefinitionRouteLocator   :89   [32m                  [0;39m Loaded RoutePredicateFactory [CloudFoundryRouteService]
2025-10-24 20:20:48.260 INFO  org.springframework.cloud.commons.util.InetUtils  :170  [32m                  [0;39m Cannot determine local hostname
2025-10-24 20:20:48.386 WARN  o.s.c.l.c.LoadBalancerCacheAutoConfiguration$LoadBalancerCaffeineWarnLogger:94   [32m                  [0;39m Spring Cloud LoadBalancer is currently working with the default cache. While this cache implementation is useful for development and tests, it's recommended to use Caffeine cache in production.You can switch to using Caffeine cache, by adding it and org.springframework.cache.caffeine.CaffeineCacheManager to the classpath.
2025-10-24 20:20:48.622 INFO  o.s.boot.web.embedded.netty.NettyWebServer        :111  [32m                  [0;39m Netty started on port 10060
2025-10-24 20:20:49.837 INFO  org.springframework.cloud.commons.util.InetUtils  :170  [32m                  [0;39m Cannot determine local hostname
2025-10-24 20:20:51.062 INFO  org.springframework.cloud.commons.util.InetUtils  :170  [32m                  [0;39m Cannot determine local hostname
2025-10-24 20:20:51.095 INFO  com.hj.supercoupon.gateway.GatewayApplication     :57   [32m                  [0;39m Started GatewayApplication in 8.228 seconds (process running for 8.853)
